<?xml version="1.0" encoding="UTF-8"?>
<!-- Generated by org.testng.reporters.JUnitXMLReporter -->
<testsuite hostname="DMINBNOI18021" ignored="2" name="Default test" tests="1" failures="0" timestamp="29 Nov 2018 08:28:48 GMT" time="40.841" errors="0">
  <testcase name="LoginTest" time="31.216" classname="com.TestCases.LoginTestCase"/>
  <testcase name="@AfterSuite suiteTearDown" time="0.0" classname="com.utilities.TestBase">
    <ignored/>
  </testcase> <!-- @AfterSuite suiteTearDown -->
  <testcase name="@AfterSuite suiteTearDown" time="0.0" classname="com.utilities.TestBase">
    <ignored/>
  </testcase> <!-- @AfterSuite suiteTearDown -->
</testsuite> <!-- Default test -->
