<?xml version="1.0" encoding="UTF-8"?>
<testng-results skipped="0" failed="0" ignored="2" total="3" passed="1">
  <reporter-output>
  </reporter-output>
  <suite name="Default suite" duration-ms="40841" started-at="2018-11-29T08:28:07Z" finished-at="2018-11-29T08:28:48Z">
    <groups>
    </groups>
    <test name="Default test" duration-ms="40841" started-at="2018-11-29T08:28:07Z" finished-at="2018-11-29T08:28:48Z">
      <class name="com.TestCases.LoginTestCase">
        <test-method status="PASS" signature="setUp(java.lang.reflect.Method)[pri:0, instance:com.TestCases.LoginTestCase@394e1a0f]" name="setUp" is-config="true" duration-ms="7551" started-at="2018-11-29T08:28:07Z" finished-at="2018-11-29T08:28:15Z">
          <params>
            <param index="0">
              <value>
                <![CDATA[public void com.TestCases.LoginTestCase.LoginTest() throws java.lang.Exception]]>
              </value>
            </param>
          </params>
          <reporter-output>
          </reporter-output>
        </test-method> <!-- setUp -->
        <test-method status="PASS" signature="LoginTest()[pri:0, instance:com.TestCases.LoginTestCase@394e1a0f]" name="LoginTest" duration-ms="31216" started-at="2018-11-29T08:28:15Z" finished-at="2018-11-29T08:28:46Z">
          <reporter-output>
          </reporter-output>
        </test-method> <!-- LoginTest -->
        <test-method status="PASS" signature="tearDown()[pri:0, instance:com.TestCases.LoginTestCase@394e1a0f]" name="tearDown" is-config="true" duration-ms="2018" started-at="2018-11-29T08:28:46Z" finished-at="2018-11-29T08:28:48Z">
          <reporter-output>
          </reporter-output>
        </test-method> <!-- tearDown -->
        <test-method status="PASS" signature="suiteTearDown()[pri:0, instance:com.TestCases.LoginTestCase@394e1a0f]" name="suiteTearDown" is-config="true" duration-ms="8576" started-at="2018-11-29T08:28:48Z" finished-at="2018-11-29T08:28:56Z">
          <reporter-output>
          </reporter-output>
        </test-method> <!-- suiteTearDown -->
      </class> <!-- com.TestCases.LoginTestCase -->
    </test> <!-- Default test -->
  </suite> <!-- Default suite -->
</testng-results>
