<?xml version="1.0" encoding="UTF-8"?>
<testng-results skipped="0" failed="0" ignored="0" total="1" passed="1">
  <reporter-output>
  </reporter-output>
  <suite name="Default suite" duration-ms="146885" started-at="2018-11-28T12:14:19Z" finished-at="2018-11-28T12:16:46Z">
    <groups>
    </groups>
    <test name="Default test" duration-ms="146885" started-at="2018-11-28T12:14:19Z" finished-at="2018-11-28T12:16:46Z">
      <class name="com.TestCases.LoginTestCase">
        <test-method status="PASS" signature="setUp(java.lang.reflect.Method)[pri:0, instance:com.TestCases.LoginTestCase@4a94ee4]" name="setUp" is-config="true" duration-ms="6595" started-at="2018-11-28T12:14:19Z" finished-at="2018-11-28T12:14:26Z">
          <params>
            <param index="0">
              <value>
                <![CDATA[public void com.TestCases.LoginTestCase.LoginTest() throws java.lang.Exception]]>
              </value>
            </param>
          </params>
          <reporter-output>
          </reporter-output>
        </test-method> <!-- setUp -->
        <test-method status="PASS" signature="LoginTest()[pri:0, instance:com.TestCases.LoginTestCase@4a94ee4]" name="LoginTest" duration-ms="95099" started-at="2018-11-28T12:14:26Z" finished-at="2018-11-28T12:16:01Z">
          <reporter-output>
          </reporter-output>
        </test-method> <!-- LoginTest -->
        <test-method status="PASS" signature="tearDown()[pri:0, instance:com.TestCases.LoginTestCase@4a94ee4]" name="tearDown" is-config="true" duration-ms="7678" started-at="2018-11-28T12:16:07Z" finished-at="2018-11-28T12:16:15Z">
          <reporter-output>
          </reporter-output>
        </test-method> <!-- tearDown -->
        <test-method status="PASS" signature="suiteTearDown()[pri:0, instance:com.TestCases.LoginTestCase@4a94ee4]" name="suiteTearDown" is-config="true" duration-ms="13713" started-at="2018-11-28T12:16:48Z" finished-at="2018-11-28T12:17:02Z">
          <reporter-output>
          </reporter-output>
        </test-method> <!-- suiteTearDown -->
      </class> <!-- com.TestCases.LoginTestCase -->
    </test> <!-- Default test -->
  </suite> <!-- Default suite -->
</testng-results>
